<?xml version="1.0" encoding="UTF-8"?>
<!-- Generated by org.testng.reporters.JUnitXMLReporter -->
<testsuite ignored="0" hostname="DESKTOP-FEVO97P" failures="0" tests="7" name="Default test" time="0.079" errors="0" timestamp="2021-08-27T14:24:22 IST">
  <testcase classname="stringcalc.tcalc" name="allowline" time="0.01"/>
  <testcase classname="stringcalc.tcalc" name="empty" time="0.001"/>
  <testcase classname="stringcalc.tcalc" name="negativeexception" time="0.001"/>
  <testcase classname="stringcalc.tcalc" name="singleval" time="0.002"/>
  <testcase classname="stringcalc.tcalc" name="twonum" time="0.001"/>
  <testcase classname="stringcalc.tcalc" name="unnum" time="0.001"/>
  <testcase classname="stringcalc.tcalc" name="variablesep" time="0.002"/>
</testsuite> <!-- Default test -->
