<?xml version="1.0" encoding="UTF-8"?>
<testng-results ignored="0" total="4" passed="4" failed="0" skipped="0">
  <reporter-output>
  </reporter-output>
  <suite started-at="2021-08-27T13:16:05 IST" name="Default suite" finished-at="2021-08-27T13:16:05 IST" duration-ms="52">
    <groups>
    </groups>
    <test started-at="2021-08-27T13:16:05 IST" name="Default test" finished-at="2021-08-27T13:16:05 IST" duration-ms="52">
      <class name="stringcalc.tcalc">
        <test-method is-config="true" signature="init()[pri:0, instance:stringcalc.tcalc@2ea227af]" started-at="2021-08-27T13:16:05 IST" name="init" finished-at="2021-08-27T13:16:05 IST" duration-ms="7" status="PASS">
          <reporter-output>
          </reporter-output>
        </test-method> <!-- init -->
        <test-method signature="empty()[pri:0, instance:stringcalc.tcalc@2ea227af]" started-at="2021-08-27T13:16:05 IST" name="empty" finished-at="2021-08-27T13:16:05 IST" duration-ms="8" status="PASS">
          <reporter-output>
          </reporter-output>
        </test-method> <!-- empty -->
        <test-method signature="singleval()[pri:0, instance:stringcalc.tcalc@2ea227af]" started-at="2021-08-27T13:16:05 IST" name="singleval" finished-at="2021-08-27T13:16:05 IST" duration-ms="1" status="PASS">
          <reporter-output>
          </reporter-output>
        </test-method> <!-- singleval -->
        <test-method signature="twonum()[pri:0, instance:stringcalc.tcalc@2ea227af]" started-at="2021-08-27T13:16:05 IST" name="twonum" finished-at="2021-08-27T13:16:05 IST" duration-ms="1" status="PASS">
          <reporter-output>
          </reporter-output>
        </test-method> <!-- twonum -->
        <test-method signature="unnum()[pri:0, instance:stringcalc.tcalc@2ea227af]" started-at="2021-08-27T13:16:05 IST" name="unnum" finished-at="2021-08-27T13:16:05 IST" duration-ms="1" status="PASS">
          <reporter-output>
          </reporter-output>
        </test-method> <!-- unnum -->
      </class> <!-- stringcalc.tcalc -->
    </test> <!-- Default test -->
  </suite> <!-- Default suite -->
</testng-results>
